<?xml version="1.0" encoding="UTF-8"?>
<!-- Generated by org.testng.reporters.JUnitXMLReporter -->
<testsuite ignored="2" hostname="Nayan" failures="0" tests="7" name="Test" time="148.847" errors="0" timestamp="14 Feb 2025 04:43:51 GMT">
  <testcase classname="com.comcast.crm.orgtest.OrgTest" name="createOrgWithPhoneNumber" time="11.6"/>
  <testcase classname="com.comcast.crm.orgtest.OrgTest" name="deleteOrgName" time="16.582"/>
  <testcase classname="com.comcast.crm.orgtest.OrgTest" name="validateOrgIndustryType" time="11.657"/>
  <testcase classname="com.comcast.crm.orgtest.OrgTest" name="validateOrgname" time="11.417"/>
  <testcase classname="com.comcast.crm.contacttest.ContactTest" name="createContactTest" time="8.566"/>
  <testcase classname="com.comcast.crm.contacttest.ContactTest" name="createContactWithOrgTest" time="23.033"/>
  <testcase classname="com.comcast.crm.contacttest.ContactTest" name="createContactWithSupportDateTest" time="10.98"/>
  <testcase classname="com.comcast.crm.baseClass.BaseClass" name="@AfterSuite configAS" time="0.0">
    <ignored/>
  </testcase> <!-- @AfterSuite configAS -->
  <testcase classname="com.comcast.crm.baseClass.BaseClass" name="@BeforeSuite configBS" time="0.0">
    <ignored/>
  </testcase> <!-- @BeforeSuite configBS -->
</testsuite> <!-- Test -->
