<?xml version="1.0" encoding="UTF-8"?>
<!-- Generated by org.testng.reporters.JUnitXMLReporter -->
<testsuite ignored="0" hostname="Nayan" failures="0" tests="3" name="ContactTest" time="109.847" errors="0" timestamp="14 Feb 2025 06:51:30 GMT">
  <testcase classname="com.comcast.crm.contacttest.ContactTest" name="createContactTest" time="30.48"/>
  <testcase classname="com.comcast.crm.contacttest.ContactTest" name="createContactWithOrgTest" time="31.511"/>
  <testcase classname="com.comcast.crm.contacttest.ContactTest" name="createContactWithSupportDateTest" time="8.858"/>
</testsuite> <!-- ContactTest -->
